# JRE version: OpenJDK Runtime Environment (8.0_76-b03) (build 1.8.0_76-release-b03)
# Java VM: OpenJDK 64-Bit Server VM (25.76-b03 mixed mode windows-amd64 compressed oops)
Heap:
 PSYoungGen      total 137728K, used 94670K [0x00000000e0000000, 0x00000000e8f80000, 0x0000000100000000)
  eden space 128512K, 69% used [0x00000000e0000000,0x00000000e56d92b8,0x00000000e7d80000)
  from space 9216K, 62% used [0x00000000e7d80000,0x00000000e831a8d8,0x00000000e8680000)
  to   space 8704K, 0% used [0x00000000e8700000,0x00000000e8700000,0x00000000e8f80000)
 ParOldGen       total 51712K, used 20464K [0x00000000a0000000, 0x00000000a3280000, 0x00000000e0000000)
  object space 51712K, 39% used [0x00000000a0000000,0x00000000a13fc248,0x00000000a3280000)
 Metaspace       used 46750K, capacity 47952K, committed 48040K, reserved 1091584K
  class space    used 6233K, capacity 6508K, committed 6576K, reserved 1048576K
GC Heap History (10 events):
Event: 21.727 GC heap before
{Heap before GC invocations=13 (full 1):
 PSYoungGen      total 81408K, used 20067K [0x00000000e0000000, 0x00000000e7080000, 0x0000000100000000)
  eden space 73728K, 17% used [0x00000000e0000000,0x00000000e0ca4600,0x00000000e4800000)
  from space 7680K, 92% used [0x00000000e4800000,0x00000000e4ef48f0,0x00000000e4f80000)
  to   space 8704K, 0% used [0x00000000e6800000,0x00000000e6800000,0x00000000e7080000)
 ParOldGen       total 35840K, used 12503K [0x00000000a0000000, 0x00000000a2300000, 0x00000000e0000000)
  object space 35840K, 34% used [0x00000000a0000000,0x00000000a0c35ff8,0x00000000a2300000)
 Metaspace       used 34541K, capacity 35116K, committed 35496K, reserved 1079296K
  class space    used 4613K, capacity 4781K, committed 4784K, reserved 1048576K
Event: 21.736 GC heap after
Heap after GC invocations=13 (full 1):
 PSYoungGen      total 106496K, used 2144K [0x00000000e0000000, 0x00000000e7700000, 0x0000000100000000)
  eden space 97792K, 0% used [0x00000000e0000000,0x00000000e0000000,0x00000000e5f80000)
  from space 8704K, 24% used [0x00000000e6800000,0x00000000e6a18130,0x00000000e7080000)
  to   space 8704K, 0% used [0x00000000e5f80000,0x00000000e5f80000,0x00000000e6800000)
 ParOldGen       total 35840K, used 15550K [0x00000000a0000000, 0x00000000a2300000, 0x00000000e0000000)
  object space 35840K, 43% used [0x00000000a0000000,0x00000000a0f2f818,0x00000000a2300000)
 Metaspace       used 34541K, capacity 35116K, committed 35496K, reserved 1079296K
  class space    used 4613K, capacity 4781K, committed 4784K, reserved 1048576K
}
Event: 21.736 GC heap before
{Heap before GC invocations=14 (full 2):
 PSYoungGen      total 106496K, used 2144K [0x00000000e0000000, 0x00000000e7700000, 0x0000000100000000)
  eden space 97792K, 0% used [0x00000000e0000000,0x00000000e0000000,0x00000000e5f80000)
  from space 8704K, 24% used [0x00000000e6800000,0x00000000e6a18130,0x00000000e7080000)
  to   space 8704K, 0% used [0x00000000e5f80000,0x00000000e5f80000,0x00000000e6800000)
 ParOldGen       total 35840K, used 15550K [0x00000000a0000000, 0x00000000a2300000, 0x00000000e0000000)
  object space 35840K, 43% used [0x00000000a0000000,0x00000000a0f2f818,0x00000000a2300000)
 Metaspace       used 34541K, capacity 35116K, committed 35496K, reserved 1079296K
  class space    used 4613K, capacity 4781K, committed 4784K, reserved 1048576K
Event: 21.871 GC heap after
Heap after GC invocations=14 (full 2):
 PSYoungGen      total 106496K, used 0K [0x00000000e0000000, 0x00000000e7700000, 0x0000000100000000)
  eden space 97792K, 0% used [0x00000000e0000000,0x00000000e0000000,0x00000000e5f80000)
  from space 8704K, 0% used [0x00000000e6800000,0x00000000e6800000,0x00000000e7080000)
  to   space 8704K, 0% used [0x00000000e5f80000,0x00000000e5f80000,0x00000000e6800000)
 ParOldGen       total 51712K, used 15067K [0x00000000a0000000, 0x00000000a3280000, 0x00000000e0000000)
  object space 51712K, 29% used [0x00000000a0000000,0x00000000a0eb6e08,0x00000000a3280000)
 Metaspace       used 34541K, capacity 35116K, committed 35496K, reserved 1079296K
  class space    used 4613K, capacity 4781K, committed 4784K, reserved 1048576K
}
Event: 24.703 GC heap before
{Heap before GC invocations=15 (full 2):
 PSYoungGen      total 106496K, used 97792K [0x00000000e0000000, 0x00000000e7700000, 0x0000000100000000)
  eden space 97792K, 100% used [0x00000000e0000000,0x00000000e5f80000,0x00000000e5f80000)
  from space 8704K, 0% used [0x00000000e6800000,0x00000000e6800000,0x00000000e7080000)
  to   space 8704K, 0% used [0x00000000e5f80000,0x00000000e5f80000,0x00000000e6800000)
 ParOldGen       total 51712K, used 15067K [0x00000000a0000000, 0x00000000a3280000, 0x00000000e0000000)
  object space 51712K, 29% used [0x00000000a0000000,0x00000000a0eb6e08,0x00000000a3280000)
 Metaspace       used 41305K, capacity 42048K, committed 42408K, reserved 1085440K
  class space    used 5495K, capacity 5696K, committed 5808K, reserved 1048576K
Event: 24.717 GC heap after
Heap after GC invocations=15 (full 2):
 PSYoungGen      total 106496K, used 8256K [0x00000000e0000000, 0x00000000e9080000, 0x0000000100000000)
  eden space 97792K, 0% used [0x00000000e0000000,0x00000000e0000000,0x00000000e5f80000)
  from space 8704K, 94% used [0x00000000e5f80000,0x00000000e67901f8,0x00000000e6800000)
  to   space 9728K, 0% used [0x00000000e8700000,0x00000000e8700000,0x00000000e9080000)
 ParOldGen       total 51712K, used 15139K [0x00000000a0000000, 0x00000000a3280000, 0x00000000e0000000)
  object space 51712K, 29% used [0x00000000a0000000,0x00000000a0ec8e18,0x00000000a3280000)
 Metaspace       used 41305K, capacity 42048K, committed 42408K, reserved 1085440K
  class space    used 5495K, capacity 5696K, committed 5808K, reserved 1048576K
}
Event: 25.997 GC heap before
{Heap before GC invocations=16 (full 2):
 PSYoungGen      total 106496K, used 106048K [0x00000000e0000000, 0x00000000e9080000, 0x0000000100000000)
  eden space 97792K, 100% used [0x00000000e0000000,0x00000000e5f80000,0x00000000e5f80000)
  from space 8704K, 94% used [0x00000000e5f80000,0x00000000e67901f8,0x00000000e6800000)
  to   space 9728K, 0% used [0x00000000e8700000,0x00000000e8700000,0x00000000e9080000)
 ParOldGen       total 51712K, used 15139K [0x00000000a0000000, 0x00000000a3280000, 0x00000000e0000000)
  object space 51712K, 29% used [0x00000000a0000000,0x00000000a0ec8e18,0x00000000a3280000)
 Metaspace       used 41630K, capacity 42388K, committed 42920K, reserved 1087488K
  class space    used 5506K, capacity 5698K, committed 5808K, reserved 1048576K
Event: 26.013 GC heap after
Heap after GC invocations=16 (full 2):
 PSYoungGen      total 137216K, used 4093K [0x00000000e0000000, 0x00000000e8f80000, 0x0000000100000000)
  eden space 128512K, 0% used [0x00000000e0000000,0x00000000e0000000,0x00000000e7d80000)
  from space 8704K, 47% used [0x00000000e8700000,0x00000000e8aff5c8,0x00000000e8f80000)
  to   space 9216K, 0% used [0x00000000e7d80000,0x00000000e7d80000,0x00000000e8680000)
 ParOldGen       total 51712K, used 20307K [0x00000000a0000000, 0x00000000a3280000, 0x00000000e0000000)
  object space 51712K, 39% used [0x00000000a0000000,0x00000000a13d4d58,0x00000000a3280000)
 Metaspace       used 41630K, capacity 42388K, committed 42920K, reserved 1087488K
  class space    used 5506K, capacity 5698K, committed 5808K, reserved 1048576K
}
Event: 27.598 GC heap before
{Heap before GC invocations=17 (full 2):
 PSYoungGen      total 137216K, used 132605K [0x00000000e0000000, 0x00000000e8f80000, 0x0000000100000000)
  eden space 128512K, 100% used [0x00000000e0000000,0x00000000e7d80000,0x00000000e7d80000)
  from space 8704K, 47% used [0x00000000e8700000,0x00000000e8aff5c8,0x00000000e8f80000)
  to   space 9216K, 0% used [0x00000000e7d80000,0x00000000e7d80000,0x00000000e8680000)
 ParOldGen       total 51712K, used 20307K [0x00000000a0000000, 0x00000000a3280000, 0x00000000e0000000)
  object space 51712K, 39% used [0x00000000a0000000,0x00000000a13d4d58,0x00000000a3280000)
 Metaspace       used 42754K, capacity 43540K, committed 43816K, reserved 1087488K
  class space    used 5631K, capacity 5844K, committed 5936K, reserved 1048576K
Event: 27.624 GC heap after
Heap after GC invocations=17 (full 2):
 PSYoungGen      total 137728K, used 5738K [0x00000000e0000000, 0x00000000e8f80000, 0x0000000100000000)
  eden space 128512K, 0% used [0x00000000e0000000,0x00000000e0000000,0x00000000e7d80000)
  from space 9216K, 62% used [0x00000000e7d80000,0x00000000e831a8d8,0x00000000e8680000)
  to   space 8704K, 0% used [0x00000000e8700000,0x00000000e8700000,0x00000000e8f80000)
 ParOldGen       total 51712K, used 20464K [0x00000000a0000000, 0x00000000a3280000, 0x00000000e0000000)
  object space 51712K, 39% used [0x00000000a0000000,0x00000000a13fc248,0x00000000a3280000)
 Metaspace       used 42754K, capacity 43540K, committed 43816K, reserved 1087488K
  class space    used 5631K, capacity 5844K, committed 5936K, reserved 1048576K
}

